


---------- generate tm/nwmodules.gr ----------

 (the graph of all modules in ouroboros-network/src/ and 
  ouroboros-network-framework/src (no tests)
generate tm/nwmodules.ns (just the node/module names):



... and display the graph with graphtool 

Simulation.Network.Snocket                             ┐             ┐                ┐                 ┐
Ouroboros.Network.Subscription                         │             │             ┐┐┐│                 │
Ouroboros.Network.Protocol.Handshake.Unversioned       │             ┐             ││││  ┐  ┐       ┐┐  │
Ouroboros.Network.Testing.ConcreteBlock              ┐ │             │             ││││  │  │       ││  │   ┐┐┐┐
Ouroboros.Network.Protocol.TxSubmission2.Codec       │ │             │    ┐        ││││  │┐ │       ││ ┐│   ││││
Ouroboros.Network.Protocol.TipSample.Server ┐        │ │             │    │        ││││  ││ │       ││ ││   ││││
Ouroboros.Network.Protocol.TipSample.Codec  ┐        │ │             │    │        ││││  │┐ │       ││ ┐│   ││││
Ouroboros.Network.Protocol.TipSample.Client │        │ │             │    │        ││││  ││ │       ││ ││   ││││
↳ Ouroboros.Network.Protocol.TipSample.Type ╛        │ │             │    │        ││││  ││ │       ││ ││   ││┐│
Ouroboros.Network.Protocol.LocalTxSubmission.Server  │ │             │    │        ││││  ││ │┐      ││ ││   ││││
Ouroboros.Network.Protocol.LocalTxSubmission.Codec   │ │             │    │        ││││  ││ │┐      ││ ││   ││││
Ouroboros.Network.Protocol.LocalTxMonitor.Server     │ │             │    │        ││││  ││ ││┐     ││ ││   ││││
Ouroboros.Network.Protocol.LocalTxMonitor.Codec      │ │             │    │        ││││  ││ ││┐     ││ ││   ││││
Ouroboros.Network.Protocol.LocalStateQuery.Examples  │ │             │    │        ││││  ││ │││┐┐   ││ ││   ││││
↳ Ouroboros.Network.Protocol.LocalStateQuery.Server  │ │             │    │        ││││  ││ ││││┐   ││ ││   ││││
Ouroboros.Network.Protocol.KeepAlive.Codec           │┐│             │    │        ││││  │┐ │││││   ││ ┐│   ││││
Ouroboros.Network.Protocol.ChainSync.PipelineDecision│││             │    │        ││││  ││ │││││   ││ ││   │┐│┐
Ouroboros.Network.Protocol.ChainSync.Examples       ┐┐││             │    │        ││││  ││ │││││┐  ││┐││   │┐││
↳ Ouroboros.Network.Protocol.ChainSync.Server       ││││             │    │        ││││  ││ ││││││┐ │││││   ││││
Ouroboros.Network.Protocol.ChainSync.Codec          ││││             │    │        ││││  │┐ ││││││┐ │││┐│   ││││
Ouroboros.Network.Protocol.ChainSync.ClientPipelined││││             │    │        ││││  ││ ││││││┐ │││││   ││││
Ouroboros.Network.Protocol.BlockFetch.Server        ││││             │    │        ││││  ││ │││││││ │││││ ┐ ││││
Ouroboros.Network.Protocol.BlockFetch.Codec         ││││             │    │        ││││  │┐ │││││││ │││┐│ ┐ ││││
Ouroboros.Network.Protocol.BlockFetch.Client        ││││             │    │        ││││  ││ │││││││ │││││ ┐ ││││
Ouroboros.Network.MockChain.ProducerState           ╛│││             │    │        ││││  ││ │││││││ │││││ │ │┐││
↳ Ouroboros.Network.MockChain.Chain                  ╛││             │    │        ││││  ││ │││││││ │││││ │ ┐┐│┐
Ouroboros.Network.KeepAlive                           ││             │    │        ││││  ││ │││││││ ││┐││ │┐││││
↳ Ouroboros.Network.Protocol.KeepAlive.Server         ┐│             │    │        ││││  ││ │││││││ │││││ ││││││
↳ Ouroboros.Network.Protocol.KeepAlive.Client         ││             │    │        ││││  ││ │││││││ │││││ ││││││
↳ ↳ Ouroboros.Network.Protocol.KeepAlive.Type         ╛│             │    │        ││││  ││ │││││││ │││││ ││││┐│
Ouroboros.Network.Diffusion                            │             │    │        ││││  ││ │││││││ │││││ ││││││
↳ Ouroboros.Network.Diffusion.P2P                      │             │ ┐┐┐│┐┐     ┐│││┐ ┐┐│┐│││││││┐┐│┐│┐ ││││││
  ↳ Ouroboros.Network.Server2                          │          ┐┐┐┐ ││││││     ││││┐┐││││││││││││││┐││ ││││││
  ↳ Ouroboros.Network.ConnectionManager.Core           │          │┐│┐┐││││││     ││││┐┐││││││││││││││││┐ ││││││
    ↳ Data.Wedge                                       ╛          │││││││││││     │││││││││││││││││││││││ ││││││
  ↳ Ouroboros.Network.PeerSelection.Simple                        ││││││┐││┐┐  ┐  │││││││││││││││││││││││ ││││││
  ↳ Ouroboros.Network.PeerSelection.PeerStateActions              │││││││││││  ┐  ││││││┐│││││││││││││┐│┐┐││││││
  ↳ ↳ Ouroboros.Network.PeerSelection.Governor                    ││││││││││┐┐ │┐┐│││││││││││││││││┐││││││││││││
      ↳ Ouroboros.Network.PeerSelection.Governor.RootPeers        ││││││││││┐│┐│┐│││││││││││││││││││││││││││││││
      ↳ Ouroboros.Network.PeerSelection.Governor.Monitor         ┐││││││││││┐│┐┐┐┐││││││││││││││││││││││││││││││
      ↳ Ouroboros.Network.PeerSelection.Governor.KnownPeers      │││││││││││┐│┐│┐┐││││││││││││││││││││││││││││││
      ↳ Ouroboros.Network.PeerSelection.Governor.EstablishedPeers│││││││││││┐│┐│┐┐││││││││││││││││││││││││││││││
      ↳ Ouroboros.Network.PeerSelection.Governor.ActivePeers     ╛││││││││││┐│┐│┐┐││││││││││││││││││││││││││││││
  ↳   ↳ Ouroboros.Network.Diffusion.Policies                      ││││││││││┐│││││││││││││││││││││││││││││││││││
  ↳     ↳ Ouroboros.Network.InboundGovernor                       ╛││││││││││┐│││││││││┐││││││││││││││┐│┐┐││││││
          ↳ Ouroboros.Network.InboundGovernor.Event                │││││││││││││││││││││││││││││││││││┐│┐│││││││
          ↳ ↳ Ouroboros.Network.InboundGovernor.State              ││┐│││││││┐││││││││││││││││││││││││┐│┐│││││││
          ↳ ↳ Ouroboros.Network.InboundGovernor.ControlChannel     ╛││││││││││││││││││││││││││││││││││││┐│││││││
  ↳ ↳     ↳ ↳ ↳ Ouroboros.Network.ConnectionHandler                 ╛│││││││││││││││││││┐│││││││││││││┐│┐│││││││
  ↳             ↳ Ouroboros.Network.RethrowPolicy                    │││││││││││││││││││││││││││││││││││││││││││
  ↳ ↳   ↳ ↳ ↳ ↳ ↳ Ouroboros.Network.ConnectionManager.Types          ╛││││││││││││││││││││││││││││││││││┐│││││││
  ↳             ↳ ↳ Ouroboros.Network.MuxMode                         ╛│││││││││││││││││││││││││││││││││││││││││
  ↳   ↳ ↳ Ouroboros.Network.PeerSelection.PeerMetric                 ┐ ││┐│││││││││││││││││││││││││││││││││┐││││
↳ Ouroboros.Network.Diffusion.NonP2P                                 │ │││││││││││││││││││││││││││││││┐│││││││││
↳ ↳ Ouroboros.Network.Diffusion.Common                               │ ╛││││││││││││││││││││││││││││││┐│││││││││
    ↳ Ouroboros.Network.PeerSelection.LedgerPeers                    │  ╛││┐││││││││││││││││││││││││││││││││││││
↳ ↳ ↳ Ouroboros.Network.NodeToNode                               ┐┐┐┐│┐┐┐╛│││││││││┐┐┐┐││┐│┐┐│││││││┐│┐┐││││││││
      ↳ Ouroboros.Network.TxSubmission.Outbound         ┐   ┐    │││││┐││ ││││││││││││││││││││││││││││┐│││││││││
      ↳ Ouroboros.Network.TxSubmission.Inbound          │   │    │││││┐││ ││││││││││││││││││││││││││││││││││││││
        ↳ Ouroboros.Network.TxSubmission.Mempool.Reader ╛   │    ││││││││ ││││││││││││││││││││││││││││││││││││││
          ↳ Ouroboros.Network.Protocol.TxSubmission2.Client ╛    ││││││││ ┐│││││││││││││││││││││││││││││││││││││
        ↳ Ouroboros.Network.Protocol.TxSubmission2.Server        ││││││││ ││││││││││││││││││││││││││││││││││││││
          ↳ Ouroboros.Network.Protocol.TxSubmission2.Type        ││││││││ ╛│││││││││││││││││││││││││││││││││││┐│
      ↳ Ouroboros.Network.PeerSelection.RootPeersDNS             ││││││││  ╛│││┐││││││││││││││││││││││││││││││││
        ↳ Ouroboros.Network.PeerSelection.RootPeersDNS.DNSActions││││││││   ││││││││││││││││││││││││││││││││││││
        ↳ Ouroboros.Network.PeerSelection.RelayAccessPoint       ││││││││   ││││││││││││││││││││││││││││││││││││
      ↳ Ouroboros.Network.PeerSelection.Governor.Types           ││││││││   ╛│││││││││││││││││││││││││││││││││││
        ↳ Data.Cache                                             ││││││││    ╛││││││││││││││││││││││││││││││││││
        ↳ Ouroboros.Network.PeerSelection.LocalRootPeers         ││││││││     ╛│││││││││││││││││││││││││││││││││
      ↳ ↳ ↳ Ouroboros.Network.PeerSelection.Types                ││││││││      ╛││││││││││││││││││││││││││││││││
        ↳ Ouroboros.Network.PeerSelection.KnownPeers             ││││││││       ╛│││││││││││││││││││││││││││││││
        ↳ Ouroboros.Network.PeerSelection.EstablishedPeers       ││││││││        ╛││││││││││││││││││││││││││││││
↳ ↳ ↳ Ouroboros.Network.NodeToClient                             ││││││┐┐         ╛│││││││││││││││││┐│┐┐││││││││
      ↳ Ouroboros.Network.Subscription.Client             ┐      │┐┐│││││          │┐┐┐│││││││││││││││││││││││││
  ↳   ↳ Ouroboros.Network.Tracers                         │      ╛│││││┐│          │││││││││││││││││││││││││││││
  ↳     ↳ Ouroboros.Network.Subscription.Dns              │       │││││││          ╛││││││││││││││││││││││││││││
  ↳   ↳ ↳ ↳ Ouroboros.Network.Subscription.Ip             │       │││││││           ╛│││││││││││││││││││││││││││
  ↳   ↳   ↳ ↳ Ouroboros.Network.Subscription.Worker       │┐      │┐│││││            ╛┐│││││││││││││││││││││││││
          ↳ ↳ ↳ Ouroboros.Network.Subscription.Subscriber ╛│      │││││││             ││││││││││││││││││││││││││
  ↳   ↳ ↳ ↳ ↳ Ouroboros.Network.Socket                     │      ╛││││││             ││││││││││││││││┐┐┐│││││││
  ↳ ↳ ↳   ↳ ↳ ↳ Ouroboros.Network.Snocket                  │       ││││││             ╛││││┐││││││││││││││││││││
              ↳ Ouroboros.Network.Server.Socket            │       ┐│││││              │││││││││││││││││││││││││
                ↳ Ouroboros.Network.Server.RateLimiting    │       ││││││              ╛││││││││││││││││││││││││
              ↳ Ouroboros.Network.Server.ConnectionTable   ╛       ││││││               ││││││││││││││││││││││││
              ↳ Ouroboros.Network.Protocol.Handshake               ││││││               ╛│││┐│││││││┐││┐│┐││││││
                ↳ Ouroboros.Network.Protocol.Handshake.Server      ││││││                │││┐│││││││┐│││││││││││
                ↳ ↳ Ouroboros.Network.Protocol.Handshake.Client    ││││││                │││┐│││││││┐│││││││││││
      ↳       ↳ ↳ ↳ ↳ Ouroboros.Network.Protocol.Handshake.Codec   ││││││                ╛││┐││││││││┐│┐││││││││
                      ↳ Ouroboros.Network.Protocol.Limits          ││││││                 ╛│││││││││││││││││││││
  ↳   ↳       ↳ Ouroboros.Network.IOManager                        ││││││                  ╛││││││││││││││││││││
      ↳ ↳     ↳ Ouroboros.Network.Protocol.Handshake.Type          ││││││                   ╛│││││││││││││││││┐│
  ↳   ↳ ↳ ↳ ↳ ↳ Ouroboros.Network.ErrorPolicy                      ╛│││││                    │││││││││││││││││││
            ↳ ↳ ↳ Ouroboros.Network.Subscription.PeerState          │││││                    │││││││││││││││││││
      ↳ Ouroboros.Network.Protocol.LocalTxSubmission.Client         │││││                    │││││││││││││││││││
      ↳ ↳ Ouroboros.Network.Protocol.LocalTxSubmission.Type         │││││                    ╛││││││││││││││││┐│
      ↳ Ouroboros.Network.Protocol.LocalTxMonitor.Client            │││││                     ││││││││││││││││││
      ↳ ↳ Ouroboros.Network.Protocol.LocalTxMonitor.Type            │││││                     ╛│││││││││││││││┐│
      ↳ Ouroboros.Network.Protocol.LocalStateQuery.Client           │││││                      ╛││││││││││││││││
        ↳ Ouroboros.Network.Protocol.LocalStateQuery.Codec          │││││                       ││││││││││││││││
      ↳ ↳ ↳ Ouroboros.Network.Protocol.LocalStateQuery.Type         │││││                       ╛│││││││││││││┐│
      ↳ Ouroboros.Network.Protocol.ChainSync.Client                 │││││                        ╛││││││││││││││
      ↳ ↳ Ouroboros.Network.Protocol.ChainSync.Type                 │││││                         ╛│││││││││││┐│
      ↳ Ouroboros.Network.NodeToClient.Version    ┐                 │││││                          │┐┐││││││││││
Ouroboros.Network.BlockFetch.Client               │ ┐┐              ╛│┐││                          │││┐│││┐│┐┐││
↳ Ouroboros.Network.PeerSelection.PeerMetric.Type │ ││               ╛│││                          ││││││││┐││││
Ouroboros.Network.BlockFetch                      │ ││                │││                          ╛││││││││││││
↳ Ouroboros.Network.BlockFetch.State              │ ┐┐                │││                           ││││││││┐┐││
  ↳ Ouroboros.Network.BlockFetch.Decision         │ ┐┐                │││                           ││││││││┐┐│┐
↳ Ouroboros.Network.BlockFetch.ClientRegistry     │ ││                │││                           ││││││││││││
  ↳ Ouroboros.Network.NodeToNode.Version          │ ││                ╛││                           ││││││││││││
    ↳ Ouroboros.Network.Protocol.Handshake.Version│ ││                 ││                           ╛│││││││││││
    ↳ Ouroboros.Network.CodecCBORTerm             │ ││                 ││                            ╛││││││││││
    ↳ Ouroboros.Network.Magic                     ╛ ││                 ││                             ││││││││││
↳ ↳ Ouroboros.Network.BlockFetch.ClientState        ╛│                 ││                             ││││││││││
    ↳ Ouroboros.Network.Mux                          │                 ││                             ╛│││││││┐│
      ↳ Ouroboros.Network.Driver                     │                 ╛│                              │││││││││
        ↳ Ouroboros.Network.Driver.Limits            │                  │                              ╛│┐││││┐│
        ↳ ↳ Ouroboros.Network.Driver.Simple          │                  ╛                               │┐││││┐│
      ↳ Ouroboros.Network.ConnectionId               │                                                  ╛│││││││
      ↳ Ouroboros.Network.Channel                    │                                                   ╛││││││
    ↳ Ouroboros.Network.Protocol.BlockFetch.Type     │                                                    ╛│││┐│
    ↳ Ouroboros.Network.BlockFetch.DeltaQ            ╛                                                     │││││
↳ ↳   ↳ Ouroboros.Network.DeltaQ                                                                           ╛││││
↳   ↳ Ouroboros.Network.AnchoredFragment                                                                    ╛│││
↳   ↳ ↳ Ouroboros.Network.Block                                                                              ╛││
        ↳ Ouroboros.Network.Util.ShowProxy                                                                    ╛│
    ↳ ↳ ↳ Ouroboros.Network.Point                                                                              ╛
      ↳ Ouroboros.Network.AnchoredSeq



---------- generate tm/allmodules.gr: ----------

- so far, not too useful, includes the cardano-client/ pkg files)



---------- create te/nwmodules.tagged-filenames ----------

 - labels the network files per which pkg they come from
 - net: (ouroboros-network), netf: (ouroboros-network-framework)



---------- define tm/key.ns & tm/key2.ns ----------

tm/key2.ns = tm/key.ns with highly-imported modules removed



---------- display 'key' modules and dependents ----------

Ouroboros.Network.Diffusion.P2P                                                     ┐ ┐┐   ┐
↳ Ouroboros.Network.Server2                                     ┐┐┐┐         ┐┐     │ │┐   │
↳ Ouroboros.Network.ConnectionManager.Core                      │┐│┐┐        ┐┐     │ ││   ┐
  ↳ Data.Wedge                                                  │││││        ││     │ ││   │
↳ Ouroboros.Network.PeerSelection.Simple                        │││││┐┐┐  ┐  ││     │ ││   │
↳ Ouroboros.Network.PeerSelection.PeerStateActions              ││││││││  ┐  ││┐    │ │┐   ┐┐
↳ ↳ Ouroboros.Network.PeerSelection.Governor                    │││││││┐┐ │┐┐│││    ┐ ││   ││
    ↳ Ouroboros.Network.PeerSelection.Governor.RootPeers        │││││││┐│┐│┐││││    │ ││   ││
    ↳ Ouroboros.Network.PeerSelection.Governor.Monitor         ┐│││││││┐│┐┐┐┐│││    │ ││   ││
    ↳ Ouroboros.Network.PeerSelection.Governor.KnownPeers      ││││││││┐│┐│┐┐│││    │ ││   ││
    ↳ Ouroboros.Network.PeerSelection.Governor.EstablishedPeers││││││││┐│┐│┐┐│││    │ ││   ││
    ↳ Ouroboros.Network.PeerSelection.Governor.ActivePeers     ╛│││││││┐│┐│┐┐│││    │ ││   ││
↳   ↳ Ouroboros.Network.Diffusion.Policies                      │││││││┐││││││││    │ ││   ││
↳     ↳ Ouroboros.Network.InboundGovernor                       ╛│││││││┐│││││┐│    │ │┐   ┐┐
        ↳ Ouroboros.Network.InboundGovernor.Event                │││││││││││││││    │ │┐   ┐│
        ↳ ↳ Ouroboros.Network.InboundGovernor.State              ││┐││││┐│││││││    │ │┐   ┐│
        ↳ ↳ Ouroboros.Network.InboundGovernor.ControlChannel     ╛││││││││││││││    │ ││   ┐│
↳ ↳     ↳ ↳ ↳ Ouroboros.Network.ConnectionHandler                 ╛││││││││││││┐    │ │┐   ┐│
↳             ↳ Ouroboros.Network.RethrowPolicy                    │││││││││││││    │ ││   ││
↳ ↳   ↳ ↳ ↳ ↳ ↳ Ouroboros.Network.ConnectionManager.Types          ╛││││││││││││    │ ││   ┐│
↳             ↳ ↳ Ouroboros.Network.MuxMode                         ╛│││││││││││    │ ││   ││
↳   ↳ ↳ Ouroboros.Network.PeerSelection.PeerMetric┐                  │││││││││││   ┐│ ││   ││┐
↳ Ouroboros.Network.Diffusion.Common              │                  │││││││││││   ││ │┐   │││
↳ ↳ Ouroboros.Network.PeerSelection.LedgerPeers   │                  ╛┐│││││││││   ││ ││   │││
↳ ↳ Ouroboros.Network.NodeToNode                  ╛            ┐┐┐┐┐┐┐│││││││┐││┐┐┐││┐┐┐┐┐┐│││
    ↳ Ouroboros.Network.TxSubmission.Outbound         ┐   ┐    ││││││││││││││││││││││┐│┐││││││
    ↳ Ouroboros.Network.TxSubmission.Inbound          │   │    ││││││││││││││││││││││┐││││││││
      ↳ Ouroboros.Network.TxSubmission.Mempool.Reader ╛   │    │││││││││││││││││││││││││││││││
        ↳ Ouroboros.Network.Protocol.TxSubmission2.Client┐╛    │││││││││││││││││││││││││││││││
      ↳ Ouroboros.Network.Protocol.TxSubmission2.Server  │     │││││││││││││││││││││││││││││││
        ↳ Ouroboros.Network.Protocol.TxSubmission2.Type  ╛     │││││││││││││││││││││││││││││││┐
↳   ↳ Ouroboros.Network.PeerSelection.RootPeersDNS             │││││││╛│││┐││││││││││││││││││││
      ↳ Ouroboros.Network.PeerSelection.RootPeersDNS.DNSActions│││││││ ││││││││││││││││││││││││
      ↳ Ouroboros.Network.PeerSelection.RelayAccessPoint       │││││││ ││││││││││││││││││││││││
↳   ↳ Ouroboros.Network.PeerSelection.Governor.Types           │││││││ ╛│││││││││││││││││││││││
      ↳ Data.Cache                                             │││││││  ╛││││││││││││││││││││││
      ↳ Ouroboros.Network.PeerSelection.LocalRootPeers         │││││││   ╛│││││││││││││││││││││
    ↳ ↳ ↳ Ouroboros.Network.PeerSelection.Types                │││││││    ╛││││││││││││││││││││
      ↳ Ouroboros.Network.PeerSelection.KnownPeers             │││││││     ╛│││││││││││││││││││
      ↳ Ouroboros.Network.PeerSelection.EstablishedPeers       │││││││      ╛││││││││││││││││││
↳ ↳ Ouroboros.Network.NodeToClient                             │││││││       │││││││││┐┐┐┐┐││││
    ↳ Ouroboros.Network.Subscription.Client                  ┐ ││┐┐┐││       ┐│││┐│││││││││││││
    ↳ Ouroboros.Network.Tracers                              │ ╛││││││       │││││││││││┐││││││
      ↳ Ouroboros.Network.Subscription.Dns                   │  ╛│││││       ││││││││││││││││││
    ↳ ↳ ↳ Ouroboros.Network.Subscription.Ip                  │   ╛││││       ││││││││││││││││││
    ↳   ↳ ↳ Ouroboros.Network.Subscription.Worker      ┐     │    ╛│││       ┐│││┐│││││││││││││
        ↳ ↳ ↳ Ouroboros.Network.Subscription.Subscriber│     ╛     │││       ││││││││││││││││││
    ↳ ↳ ↳ ↳ Ouroboros.Network.Socket                   │           ╛││       ││││││││││┐│┐│┐│││
↳ ↳ ↳   ↳ ↳ ↳ Ouroboros.Network.Snocket                │            │┐       ╛│││││││││││││││││
            ↳ Ouroboros.Network.Server.Socket          │            ││        │││┐│││││││││││││
              ↳ Ouroboros.Network.Server.RateLimiting  │            ││        ╛││││││││││││││││
            ↳ Ouroboros.Network.Server.ConnectionTable ╛            ││         ││││││││││││││││
↳           ↳ Ouroboros.Network.Protocol.Handshake                  ││         ╛┐│││││┐││┐││┐││
              ↳ Ouroboros.Network.Protocol.Handshake.Server         ││          ┐│││││┐││││││││
              ↳ ↳ Ouroboros.Network.Protocol.Handshake.Client       ││          ┐│││││┐││││││││
↳   ↳       ↳ ↳ ↳ ↳ Ouroboros.Network.Protocol.Handshake.Codec┐     ╛│          ┐││││││││┐│││││
                    ↳ Ouroboros.Network.Protocol.Limits       │      │          │││││││││││││││
↳   ↳       ↳ Ouroboros.Network.IOManager                     │      ╛          │││││││││││││││
    ↳ ↳     ↳ Ouroboros.Network.Protocol.Handshake.Type       │                 ╛│││││││││││││┐
    ↳ ↳ ↳ ↳ ↳ Ouroboros.Network.ErrorPolicy                   │                  ╛│││││││││││││
          ↳ ↳ ↳ Ouroboros.Network.Subscription.PeerState      │                   │││││││││││││
    ↳ Ouroboros.Network.Protocol.LocalTxSubmission.Client     │                   │││││││││││││
    ↳ ↳ Ouroboros.Network.Protocol.LocalTxSubmission.Type     │                   ││││││││││││┐
    ↳ Ouroboros.Network.Protocol.LocalTxMonitor.Client        │                   │││││││││││││
    ↳ ↳ Ouroboros.Network.Protocol.LocalTxMonitor.Type        │                   ││││││││││││┐
    ↳ Ouroboros.Network.Protocol.LocalStateQuery.Client       │                   │││││││││││││
      ↳ Ouroboros.Network.Protocol.LocalStateQuery.Codec      │                   │││││││││││││
    ↳ ↳ ↳ Ouroboros.Network.Protocol.LocalStateQuery.Type     │                   ││││││││││││┐
    ↳ Ouroboros.Network.Protocol.ChainSync.Client             │                   │││││││││││││
    ↳ ↳ Ouroboros.Network.Protocol.ChainSync.Type             │                   ││││││││││││┐
    ↳ Ouroboros.Network.NodeToClient.Version      ┐           ┐                   ││││┐││││││││
Ouroboros.Network.BlockFetch.Client               │┐┐┐┐┐      │                   ╛││┐│┐│││││││
↳ Ouroboros.Network.PeerSelection.PeerMetric.Type ││││││      │                    ╛│││││││││┐│
Ouroboros.Network.BlockFetch                      ││││││      │                     ╛││││││││││
↳ Ouroboros.Network.BlockFetch.State              │┐│┐┐┐      │                      ││││││││││
  ↳ Ouroboros.Network.BlockFetch.Decision         │┐│┐┐┐┐     │                      ││││││││││
↳ Ouroboros.Network.BlockFetch.ClientRegistry     │││││││     │                      ││││││││││
  ↳ Ouroboros.Network.NodeToNode.Version          │││││││     │                      ╛│││││││││
    ↳ Ouroboros.Network.Protocol.Handshake.Version│││││││     │                       ╛││││││││
    ↳ Ouroboros.Network.CodecCBORTerm             │││││││     ╛                        ││││││││
    ↳ Ouroboros.Network.Magic                     ╛││││││                              ││││││││
↳ ↳ Ouroboros.Network.BlockFetch.ClientState       ╛│││││                              ││││││││
    ↳ Ouroboros.Network.Mux                         │││││                              ╛││││││┐
      ↳ Ouroboros.Network.Driver                    │││││                               ╛││││││
        ↳ Ouroboros.Network.Driver.Limits           │││││                                ╛││┐│┐
        ↳ ↳ Ouroboros.Network.Driver.Simple         │││││                                 ╛│┐│┐
      ↳ Ouroboros.Network.ConnectionId              │││││                                  ╛│││
      ↳ Ouroboros.Network.Channel                   │││││                                   ╛││
    ↳ Ouroboros.Network.Protocol.BlockFetch.Type    ╛││││                                    │┐
    ↳ Ouroboros.Network.BlockFetch.DeltaQ            ╛│││                                    ││
↳ ↳   ↳ Ouroboros.Network.DeltaQ                      │││                                    ╛│
↳   ↳ Ouroboros.Network.AnchoredFragment              ╛││                                     │
↳   ↳ ↳ Ouroboros.Network.Block                        ╛│                                     │
        ↳ Ouroboros.Network.Util.ShowProxy              │                                     ╛
    ↳ ↳ ↳ Ouroboros.Network.Point                       ╛
      ↳ Ouroboros.Network.AnchoredSeq

display the same in 'node' form:

  Ouroboros.Network.AnchoredFragment
  Ouroboros.Network.AnchoredSeq
  Ouroboros.Network.Block
  Ouroboros.Network.BlockFetch
  Ouroboros.Network.BlockFetch.Client
  Ouroboros.Network.BlockFetch.ClientRegistry
  Ouroboros.Network.BlockFetch.ClientState
  Ouroboros.Network.BlockFetch.Decision
  Ouroboros.Network.BlockFetch.DeltaQ
  Ouroboros.Network.BlockFetch.State
  Ouroboros.Network.DeltaQ
  Ouroboros.Network.Diffusion.Common
  Ouroboros.Network.Diffusion.P2P
  Ouroboros.Network.Diffusion.Policies
  Ouroboros.Network.Magic
  Ouroboros.Network.NodeToClient
  Ouroboros.Network.NodeToClient.Version
  Ouroboros.Network.NodeToNode
  Ouroboros.Network.NodeToNode.Version
  Ouroboros.Network.PeerSelection.EstablishedPeers
  Ouroboros.Network.PeerSelection.Governor
  Ouroboros.Network.PeerSelection.Governor.ActivePeers
  Ouroboros.Network.PeerSelection.Governor.EstablishedPeers
  Ouroboros.Network.PeerSelection.Governor.KnownPeers
  Ouroboros.Network.PeerSelection.Governor.Monitor
  Ouroboros.Network.PeerSelection.Governor.RootPeers
  Ouroboros.Network.PeerSelection.Governor.Types
  Ouroboros.Network.PeerSelection.KnownPeers
  Ouroboros.Network.PeerSelection.LedgerPeers
  Ouroboros.Network.PeerSelection.LocalRootPeers
  Ouroboros.Network.PeerSelection.PeerMetric
  Ouroboros.Network.PeerSelection.PeerMetric.Type
  Ouroboros.Network.PeerSelection.PeerStateActions
  Ouroboros.Network.PeerSelection.RelayAccessPoint
  Ouroboros.Network.PeerSelection.RootPeersDNS
  Ouroboros.Network.PeerSelection.RootPeersDNS.DNSActions
  Ouroboros.Network.PeerSelection.Simple
  Ouroboros.Network.PeerSelection.Types
  Ouroboros.Network.Point
  Ouroboros.Network.Protocol.BlockFetch.Type
  Ouroboros.Network.Protocol.ChainSync.Client
  Ouroboros.Network.Protocol.ChainSync.Type
  Ouroboros.Network.Protocol.LocalStateQuery.Client
  Ouroboros.Network.Protocol.LocalStateQuery.Codec
  Ouroboros.Network.Protocol.LocalStateQuery.Type
  Ouroboros.Network.Protocol.LocalTxMonitor.Client
  Ouroboros.Network.Protocol.LocalTxMonitor.Type
  Ouroboros.Network.Protocol.LocalTxSubmission.Client
  Ouroboros.Network.Protocol.LocalTxSubmission.Type
  Ouroboros.Network.Protocol.TxSubmission2.Client
  Ouroboros.Network.Protocol.TxSubmission2.Server
  Ouroboros.Network.Protocol.TxSubmission2.Type
  Ouroboros.Network.Tracers
  Ouroboros.Network.TxSubmission.Inbound
  Ouroboros.Network.TxSubmission.Mempool.Reader
  Ouroboros.Network.TxSubmission.Outbound
  Data.Cache
  Data.Wedge
  Ouroboros.Network.Channel
  Ouroboros.Network.CodecCBORTerm
  Ouroboros.Network.ConnectionHandler
  Ouroboros.Network.ConnectionId
  Ouroboros.Network.ConnectionManager.Core
  Ouroboros.Network.ConnectionManager.Types
  Ouroboros.Network.Driver
  Ouroboros.Network.Driver.Limits
  Ouroboros.Network.Driver.Simple
  Ouroboros.Network.ErrorPolicy
  Ouroboros.Network.IOManager
  Ouroboros.Network.InboundGovernor
  Ouroboros.Network.InboundGovernor.ControlChannel
  Ouroboros.Network.InboundGovernor.Event
  Ouroboros.Network.InboundGovernor.State
  Ouroboros.Network.Mux
  Ouroboros.Network.MuxMode
  Ouroboros.Network.Protocol.Handshake
  Ouroboros.Network.Protocol.Handshake.Client
  Ouroboros.Network.Protocol.Handshake.Codec
  Ouroboros.Network.Protocol.Handshake.Server
  Ouroboros.Network.Protocol.Handshake.Type
  Ouroboros.Network.Protocol.Handshake.Version
  Ouroboros.Network.Protocol.Limits
  Ouroboros.Network.RethrowPolicy
  Ouroboros.Network.Server.ConnectionTable
  Ouroboros.Network.Server.RateLimiting
  Ouroboros.Network.Server.Socket
  Ouroboros.Network.Server2
  Ouroboros.Network.Snocket
  Ouroboros.Network.Socket
  Ouroboros.Network.Subscription.Client
  Ouroboros.Network.Subscription.Dns
  Ouroboros.Network.Subscription.Ip
  Ouroboros.Network.Subscription.PeerState
  Ouroboros.Network.Subscription.Subscriber
  Ouroboros.Network.Subscription.Worker
  Ouroboros.Network.Util.ShowProxy



---------- visualize least upper bound (LUB) of fsoi ----------

Ouroboros.Network.Diffusion
↳ Ouroboros.Network.Diffusion.P2P
  ↳ Ouroboros.Network.Server2                                     ┐┐┐
  ↳ Ouroboros.Network.ConnectionManager.Core                      │┐│
  ↳ Ouroboros.Network.PeerSelection.PeerStateActions              │││
  ↳ ↳ Ouroboros.Network.PeerSelection.Governor                    │││
      ↳ Ouroboros.Network.PeerSelection.Governor.RootPeers        │││
      ↳ Ouroboros.Network.PeerSelection.Governor.Monitor         ┐│││
      ↳ Ouroboros.Network.PeerSelection.Governor.KnownPeers      ││││
      ↳ Ouroboros.Network.PeerSelection.Governor.EstablishedPeers││││
      ↳ Ouroboros.Network.PeerSelection.Governor.ActivePeers     ╛│││
  ↳   ↳ Ouroboros.Network.Diffusion.Policies                      │││
  ↳     ↳ Ouroboros.Network.InboundGovernor                       ╛││
          ↳ Ouroboros.Network.InboundGovernor.Event                ││
          ↳ ↳ Ouroboros.Network.InboundGovernor.State              ││
          ↳ ↳ Ouroboros.Network.InboundGovernor.ControlChannel     ╛│
  ↳ ↳     ↳ ↳ ↳ Ouroboros.Network.ConnectionHandler                 ╛

the LUB is Ouroboros.Network.Diffusion.P2P



---------- modules between P2P and 'key.ns' modules: ----------

Ouroboros.Network.Diffusion.P2P
↳ Ouroboros.Network.Server2                                     ┐┐┐┐
↳ Ouroboros.Network.ConnectionManager.Core                      │┐│┐
↳ Ouroboros.Network.PeerSelection.Simple                        ││││┐
↳ Ouroboros.Network.PeerSelection.PeerStateActions              │││││
↳ ↳ Ouroboros.Network.PeerSelection.Governor                    ││││┐
    ↳ Ouroboros.Network.PeerSelection.Governor.RootPeers        ││││┐
    ↳ Ouroboros.Network.PeerSelection.Governor.Monitor         ┐││││┐
    ↳ Ouroboros.Network.PeerSelection.Governor.KnownPeers      │││││┐
    ↳ Ouroboros.Network.PeerSelection.Governor.EstablishedPeers│││││┐
    ↳ Ouroboros.Network.PeerSelection.Governor.ActivePeers     ╛││││┐
↳   ↳ Ouroboros.Network.Diffusion.Policies                      ││││┐
↳     ↳ Ouroboros.Network.InboundGovernor                       ╛││││
        ↳ Ouroboros.Network.InboundGovernor.Event                ││││
        ↳ ↳ Ouroboros.Network.InboundGovernor.State              ││┐│
        ↳ ↳ Ouroboros.Network.InboundGovernor.ControlChannel     ╛│││
↳ ↳     ↳ ↳ ↳ Ouroboros.Network.ConnectionHandler                 ╛││
↳ ↳   ↳ ↳ ↳ ↳ ↳ Ouroboros.Network.ConnectionManager.Types          ╛│
↳   ↳ ↳ Ouroboros.Network.PeerSelection.PeerMetric┐                 │
↳ Ouroboros.Network.Diffusion.Common              │                 │
↳ ↳ Ouroboros.Network.NodeToNode                  ╛                 │
↳   ↳ Ouroboros.Network.PeerSelection.Governor.Types                ╛



---------- modules from P2P down ----------

... store results in tm/p2pdown.{gr,ns}:
... and display the graph:
Ouroboros.Network.Diffusion.P2P                                                     ┐ ┐┐   ┐
↳ Ouroboros.Network.Server2                                     ┐┐┐┐         ┐┐     │ │┐   │
↳ Ouroboros.Network.ConnectionManager.Core                      │┐│┐┐        ┐┐     │ ││   ┐
  ↳ Data.Wedge                                                  │││││        ││     │ ││   │
↳ Ouroboros.Network.PeerSelection.Simple                        │││││┐┐┐  ┐  ││     │ ││   │
↳ Ouroboros.Network.PeerSelection.PeerStateActions              ││││││││  ┐  ││┐    │ │┐   ┐┐
↳ ↳ Ouroboros.Network.PeerSelection.Governor                    │││││││┐┐ │┐┐│││    ┐ ││   ││
    ↳ Ouroboros.Network.PeerSelection.Governor.RootPeers        │││││││┐│┐│┐││││    │ ││   ││
    ↳ Ouroboros.Network.PeerSelection.Governor.Monitor         ┐│││││││┐│┐┐┐┐│││    │ ││   ││
    ↳ Ouroboros.Network.PeerSelection.Governor.KnownPeers      ││││││││┐│┐│┐┐│││    │ ││   ││
    ↳ Ouroboros.Network.PeerSelection.Governor.EstablishedPeers││││││││┐│┐│┐┐│││    │ ││   ││
    ↳ Ouroboros.Network.PeerSelection.Governor.ActivePeers     ╛│││││││┐│┐│┐┐│││    │ ││   ││
↳   ↳ Ouroboros.Network.Diffusion.Policies                      │││││││┐││││││││    │ ││   ││
↳     ↳ Ouroboros.Network.InboundGovernor                       ╛│││││││┐│││││┐│    │ │┐   ┐┐
        ↳ Ouroboros.Network.InboundGovernor.Event                │││││││││││││││    │ │┐   ┐│
        ↳ ↳ Ouroboros.Network.InboundGovernor.State              ││┐││││┐│││││││    │ │┐   ┐│
        ↳ ↳ Ouroboros.Network.InboundGovernor.ControlChannel     ╛││││││││││││││    │ ││   ┐│
↳ ↳     ↳ ↳ ↳ Ouroboros.Network.ConnectionHandler                 ╛││││││││││││┐    │ │┐   ┐│
↳             ↳ Ouroboros.Network.RethrowPolicy                    │││││││││││││    │ ││   ││
↳ ↳   ↳ ↳ ↳ ↳ ↳ Ouroboros.Network.ConnectionManager.Types          ╛││││││││││││    │ ││   ┐│
↳             ↳ ↳ Ouroboros.Network.MuxMode                         ╛│││││││││││    │ ││   ││
↳   ↳ ↳ Ouroboros.Network.PeerSelection.PeerMetric┐                  │││││││││││   ┐│ ││   ││┐
↳ Ouroboros.Network.Diffusion.Common              │                  │││││││││││   ││ │┐   │││
↳ ↳ Ouroboros.Network.PeerSelection.LedgerPeers   │                  ╛┐│││││││││   ││ ││   │││
↳ ↳ Ouroboros.Network.NodeToNode                  ╛            ┐┐┐┐┐┐┐│││││││┐││┐┐┐││┐┐┐┐┐┐│││
    ↳ Ouroboros.Network.TxSubmission.Outbound         ┐   ┐    ││││││││││││││││││││││┐│┐││││││
    ↳ Ouroboros.Network.TxSubmission.Inbound          │   │    ││││││││││││││││││││││┐││││││││
      ↳ Ouroboros.Network.TxSubmission.Mempool.Reader ╛   │    │││││││││││││││││││││││││││││││
        ↳ Ouroboros.Network.Protocol.TxSubmission2.Client┐╛    │││││││││││││││││││││││││││││││
      ↳ Ouroboros.Network.Protocol.TxSubmission2.Server  │     │││││││││││││││││││││││││││││││
        ↳ Ouroboros.Network.Protocol.TxSubmission2.Type  ╛     │││││││││││││││││││││││││││││││┐
↳   ↳ Ouroboros.Network.PeerSelection.RootPeersDNS             │││││││╛│││┐││││││││││││││││││││
      ↳ Ouroboros.Network.PeerSelection.RootPeersDNS.DNSActions│││││││ ││││││││││││││││││││││││
      ↳ Ouroboros.Network.PeerSelection.RelayAccessPoint       │││││││ ││││││││││││││││││││││││
↳   ↳ Ouroboros.Network.PeerSelection.Governor.Types           │││││││ ╛│││││││││││││││││││││││
      ↳ Data.Cache                                             │││││││  ╛││││││││││││││││││││││
      ↳ Ouroboros.Network.PeerSelection.LocalRootPeers         │││││││   ╛│││││││││││││││││││││
    ↳ ↳ ↳ Ouroboros.Network.PeerSelection.Types                │││││││    ╛││││││││││││││││││││
      ↳ Ouroboros.Network.PeerSelection.KnownPeers             │││││││     ╛│││││││││││││││││││
      ↳ Ouroboros.Network.PeerSelection.EstablishedPeers       │││││││      ╛││││││││││││││││││
↳ ↳ Ouroboros.Network.NodeToClient                             │││││││       │││││││││┐┐┐┐┐││││
    ↳ Ouroboros.Network.Subscription.Client                  ┐ ││┐┐┐││       ┐│││┐│││││││││││││
    ↳ Ouroboros.Network.Tracers                              │ ╛││││││       │││││││││││┐││││││
      ↳ Ouroboros.Network.Subscription.Dns                   │  ╛│││││       ││││││││││││││││││
    ↳ ↳ ↳ Ouroboros.Network.Subscription.Ip                  │   ╛││││       ││││││││││││││││││
    ↳   ↳ ↳ Ouroboros.Network.Subscription.Worker      ┐     │    ╛│││       ┐│││┐│││││││││││││
        ↳ ↳ ↳ Ouroboros.Network.Subscription.Subscriber│     ╛     │││       ││││││││││││││││││
    ↳ ↳ ↳ ↳ Ouroboros.Network.Socket                   │           ╛││       ││││││││││┐│┐│┐│││
↳ ↳ ↳   ↳ ↳ ↳ Ouroboros.Network.Snocket                │            │┐       ╛│││││││││││││││││
            ↳ Ouroboros.Network.Server.Socket          │            ││        │││┐│││││││││││││
              ↳ Ouroboros.Network.Server.RateLimiting  │            ││        ╛││││││││││││││││
            ↳ Ouroboros.Network.Server.ConnectionTable ╛            ││         ││││││││││││││││
↳           ↳ Ouroboros.Network.Protocol.Handshake                  ││         ╛┐│││││┐││┐││┐││
              ↳ Ouroboros.Network.Protocol.Handshake.Server         ││          ┐│││││┐││││││││
              ↳ ↳ Ouroboros.Network.Protocol.Handshake.Client       ││          ┐│││││┐││││││││
↳   ↳       ↳ ↳ ↳ ↳ Ouroboros.Network.Protocol.Handshake.Codec┐     ╛│          ┐││││││││┐│││││
                    ↳ Ouroboros.Network.Protocol.Limits       │      │          │││││││││││││││
↳   ↳       ↳ Ouroboros.Network.IOManager                     │      ╛          │││││││││││││││
    ↳ ↳     ↳ Ouroboros.Network.Protocol.Handshake.Type       │                 ╛│││││││││││││┐
    ↳ ↳ ↳ ↳ ↳ Ouroboros.Network.ErrorPolicy                   │                  ╛│││││││││││││
          ↳ ↳ ↳ Ouroboros.Network.Subscription.PeerState      │                   │││││││││││││
    ↳ Ouroboros.Network.Protocol.LocalTxSubmission.Client     │                   │││││││││││││
    ↳ ↳ Ouroboros.Network.Protocol.LocalTxSubmission.Type     │                   ││││││││││││┐
    ↳ Ouroboros.Network.Protocol.LocalTxMonitor.Client        │                   │││││││││││││
    ↳ ↳ Ouroboros.Network.Protocol.LocalTxMonitor.Type        │                   ││││││││││││┐
    ↳ Ouroboros.Network.Protocol.LocalStateQuery.Client       │                   │││││││││││││
      ↳ Ouroboros.Network.Protocol.LocalStateQuery.Codec      │                   │││││││││││││
    ↳ ↳ ↳ Ouroboros.Network.Protocol.LocalStateQuery.Type     │                   ││││││││││││┐
    ↳ Ouroboros.Network.Protocol.ChainSync.Client             │                   │││││││││││││
    ↳ ↳ Ouroboros.Network.Protocol.ChainSync.Type             │                   ││││││││││││┐
    ↳ Ouroboros.Network.NodeToClient.Version      ┐           ┐                   ││││┐││││││││
Ouroboros.Network.BlockFetch.Client               │┐┐┐┐┐      │                   ╛││┐│┐│││││││
↳ Ouroboros.Network.PeerSelection.PeerMetric.Type ││││││      │                    ╛│││││││││┐│
Ouroboros.Network.BlockFetch                      ││││││      │                     ╛││││││││││
↳ Ouroboros.Network.BlockFetch.State              │┐│┐┐┐      │                      ││││││││││
  ↳ Ouroboros.Network.BlockFetch.Decision         │┐│┐┐┐┐     │                      ││││││││││
↳ Ouroboros.Network.BlockFetch.ClientRegistry     │││││││     │                      ││││││││││
  ↳ Ouroboros.Network.NodeToNode.Version          │││││││     │                      ╛│││││││││
    ↳ Ouroboros.Network.Protocol.Handshake.Version│││││││     │                       ╛││││││││
    ↳ Ouroboros.Network.CodecCBORTerm             │││││││     ╛                        ││││││││
    ↳ Ouroboros.Network.Magic                     ╛││││││                              ││││││││
↳ ↳ Ouroboros.Network.BlockFetch.ClientState       ╛│││││                              ││││││││
    ↳ Ouroboros.Network.Mux                         │││││                              ╛││││││┐
      ↳ Ouroboros.Network.Driver                    │││││                               ╛││││││
        ↳ Ouroboros.Network.Driver.Limits           │││││                                ╛││┐│┐
        ↳ ↳ Ouroboros.Network.Driver.Simple         │││││                                 ╛│┐│┐
      ↳ Ouroboros.Network.ConnectionId              │││││                                  ╛│││
      ↳ Ouroboros.Network.Channel                   │││││                                   ╛││
    ↳ Ouroboros.Network.Protocol.BlockFetch.Type    ╛││││                                    │┐
    ↳ Ouroboros.Network.BlockFetch.DeltaQ            ╛│││                                    ││
↳ ↳   ↳ Ouroboros.Network.DeltaQ                      │││                                    ╛│
↳   ↳ Ouroboros.Network.AnchoredFragment              ╛││                                     │
↳   ↳ ↳ Ouroboros.Network.Block                        ╛│                                     │
        ↳ Ouroboros.Network.Util.ShowProxy              │                                     ╛
    ↳ ↳ ↳ Ouroboros.Network.Point                       ╛
      ↳ Ouroboros.Network.AnchoredSeq



---------- modules which import (recursively) fsoi ----------

Simulation.Network.Snocket                                           ┐
Ouroboros.Network.Protocol.Handshake.Unversioned                     ┐
Ouroboros.Network.Diffusion                                          │
↳ Ouroboros.Network.Diffusion.P2P                                    │┐┐┐
  ↳ Ouroboros.Network.Server2                                     ┐┐┐┐│││
  ↳ Ouroboros.Network.ConnectionManager.Core                      │┐│┐│││
  ↳ Ouroboros.Network.PeerSelection.Simple                        ││││││┐
  ↳ Ouroboros.Network.PeerSelection.PeerStateActions              │││││││
  ↳ ↳ Ouroboros.Network.PeerSelection.Governor                    ││││││┐
      ↳ Ouroboros.Network.PeerSelection.Governor.RootPeers        ││││││┐
      ↳ Ouroboros.Network.PeerSelection.Governor.Monitor         ┐││││││┐
      ↳ Ouroboros.Network.PeerSelection.Governor.KnownPeers      │││││││┐
      ↳ Ouroboros.Network.PeerSelection.Governor.EstablishedPeers│││││││┐
      ↳ Ouroboros.Network.PeerSelection.Governor.ActivePeers     ╛││││││┐
  ↳   ↳ Ouroboros.Network.Diffusion.Policies                      ││││││┐
  ↳     ↳ Ouroboros.Network.InboundGovernor                       ╛││││││
          ↳ Ouroboros.Network.InboundGovernor.Event                ││││││
          ↳ ↳ Ouroboros.Network.InboundGovernor.State              ││┐│││
          ↳ ↳ Ouroboros.Network.InboundGovernor.ControlChannel     ╛│││││
  ↳ ↳     ↳ ↳ ↳ Ouroboros.Network.ConnectionHandler                 ╛││││
  ↳ ↳   ↳ ↳ ↳ ↳ ↳ Ouroboros.Network.ConnectionManager.Types          ╛│││
  ↳   ↳ ↳ Ouroboros.Network.PeerSelection.PeerMetric                  │┐│
↳ Ouroboros.Network.Diffusion.NonP2P                                  │││
↳ ↳ Ouroboros.Network.Diffusion.Common                                ╛││
↳ ↳ ↳ Ouroboros.Network.NodeToNode                                     ╛│
      ↳ Ouroboros.Network.PeerSelection.Governor.Types                  ╛



---------- module dependencies, each pkg separately ----------


 : ouroboros-network:

Ouroboros.Network.Testing.ConcreteBlock              ┐                                 ┐┐┐
Ouroboros.Network.Protocol.TxSubmission2.Codec       │               ┐                 │││
Ouroboros.Network.Protocol.TipSample.Server ┐        │               │                 │││
Ouroboros.Network.Protocol.TipSample.Codec  ┐        │               │                 │││
Ouroboros.Network.Protocol.TipSample.Client │        │               │                 │││
↳ Ouroboros.Network.Protocol.TipSample.Type ╛        │               │                 │││
Ouroboros.Network.Protocol.LocalTxSubmission.Server  │               │       ┐         │││
Ouroboros.Network.Protocol.LocalTxSubmission.Codec   │               │       ┐         │││
Ouroboros.Network.Protocol.LocalTxMonitor.Server     │               │       │┐        │││
Ouroboros.Network.Protocol.LocalTxMonitor.Codec      │               │       │┐        │││
Ouroboros.Network.Protocol.LocalStateQuery.Examples  │               │       ││┐┐      │││
↳ Ouroboros.Network.Protocol.LocalStateQuery.Server  │               │       │││┐      │││
Ouroboros.Network.Protocol.KeepAlive.Codec           │     ┐         │       ││││      │││
Ouroboros.Network.Protocol.ChainSync.PipelineDecision│     │         │       ││││      │┐┐
Ouroboros.Network.Protocol.ChainSync.Examples       ┐┐     │         │       ││││┐     │┐│
↳ Ouroboros.Network.Protocol.ChainSync.Server       ││     │         │       │││││┐    │││
Ouroboros.Network.Protocol.ChainSync.Codec          ││     │         │       │││││┐    │││
Ouroboros.Network.Protocol.ChainSync.ClientPipelined││     │         │       │││││┐    │││
Ouroboros.Network.Protocol.BlockFetch.Server        ││     │         │       ││││││  ┐ │││
Ouroboros.Network.Protocol.BlockFetch.Codec         ││     │         │       ││││││  ┐ │││
Ouroboros.Network.Protocol.BlockFetch.Client        ││     │         │       ││││││  ┐ │││
Ouroboros.Network.MockChain.ProducerState           ╛│     │         │       ││││││  │ │┐│
↳ Ouroboros.Network.MockChain.Chain                  ╛     │         │       ││││││  │ ┐┐┐
Ouroboros.Network.KeepAlive                                │         │       ││││││  │┐│││
↳ Ouroboros.Network.Protocol.KeepAlive.Server              ┐         │       ││││││  │││││
↳ Ouroboros.Network.Protocol.KeepAlive.Client              │         │       ││││││  │││││
↳ ↳ Ouroboros.Network.Protocol.KeepAlive.Type              ╛         │       ││││││  │││││
Ouroboros.Network.Diffusion                                          │       ││││││  │││││
↳ Ouroboros.Network.Diffusion.P2P                                 ┐┐┐│┐┐    ┐││││││ ┐│││││
  ↳ Ouroboros.Network.PeerSelection.Simple                        │┐││┐┐ ┐  │││││││ ││││││
  ↳ Ouroboros.Network.PeerSelection.PeerStateActions              ││││││ ┐  │││││││ ││││││
  ↳ ↳ Ouroboros.Network.PeerSelection.Governor                    │││││┐ │┐┐│││││││ ┐│││││
      ↳ Ouroboros.Network.PeerSelection.Governor.RootPeers        │││││┐┐│┐││││││││ ││││││
      ↳ Ouroboros.Network.PeerSelection.Governor.Monitor         ┐│││││┐┐┐┐┐│││││││ ││││││
      ↳ Ouroboros.Network.PeerSelection.Governor.KnownPeers      ││││││┐┐│┐┐│││││││ ││││││
      ↳ Ouroboros.Network.PeerSelection.Governor.EstablishedPeers││││││┐┐│┐┐│││││││ ││││││
      ↳ Ouroboros.Network.PeerSelection.Governor.ActivePeers     ╛│││││┐┐│┐┐│││││││ ││││││
  ↳   ↳ Ouroboros.Network.Diffusion.Policies                      │││││┐│││││││││││ ││││││
  ↳   ↳ ↳ Ouroboros.Network.PeerSelection.PeerMetric              ││┐││││││││││││││┐││┐│││
↳ Ouroboros.Network.Diffusion.NonP2P                              ││││││││││││││││││││││││
↳ ↳ Ouroboros.Network.Diffusion.Common                            ╛│││││││││││││││││││││││
    ↳ Ouroboros.Network.PeerSelection.LedgerPeers                  ╛││┐│││││││││││││││││││
↳ ↳ ↳ Ouroboros.Network.NodeToNode                               ┐┐┐╛│││││││││││││││││││││
      ↳ Ouroboros.Network.TxSubmission.Outbound         ┐   ┐    ││┐ │││││││││││││││││││││
      ↳ Ouroboros.Network.TxSubmission.Inbound          │   │    ││┐ │││││││││││││││││││││
        ↳ Ouroboros.Network.TxSubmission.Mempool.Reader ╛   │    │││ │││││││││││││││││││││
          ↳ Ouroboros.Network.Protocol.TxSubmission2.Client ╛    │││ ┐││││││││││││││││││││
        ↳ Ouroboros.Network.Protocol.TxSubmission2.Server        │││ │││││││││││││││││││││
          ↳ Ouroboros.Network.Protocol.TxSubmission2.Type        │││ ╛││││││││││││││││││││
      ↳ Ouroboros.Network.PeerSelection.RootPeersDNS             │││  ╛││┐││││││││││││││││
        ↳ Ouroboros.Network.PeerSelection.RootPeersDNS.DNSActions│││   │││││││││││││││││││
        ↳ Ouroboros.Network.PeerSelection.RelayAccessPoint       │││   │││││││││││││││││││
      ↳ Ouroboros.Network.PeerSelection.Governor.Types           │││   ╛││││││││││││││││││
        ↳ Ouroboros.Network.PeerSelection.LocalRootPeers         │││    ╛│││││││││││││││││
      ↳ ↳ ↳ Ouroboros.Network.PeerSelection.Types                │││     ╛││││││││││││││││
        ↳ Ouroboros.Network.PeerSelection.KnownPeers             │││      ╛│││││││││││││││
        ↳ Ouroboros.Network.PeerSelection.EstablishedPeers       │││       ╛││││││││││││││
↳ ↳ ↳ Ouroboros.Network.NodeToClient                             │││        ╛│││││││││││││
  ↳   ↳ Ouroboros.Network.Tracers                                ╛││         │││││││││││││
      ↳ Ouroboros.Network.Protocol.LocalTxSubmission.Client       ││         │││││││││││││
      ↳ ↳ Ouroboros.Network.Protocol.LocalTxSubmission.Type       ││         ╛││││││││││││
      ↳ Ouroboros.Network.Protocol.LocalTxMonitor.Client          ││          ││││││││││││
      ↳ ↳ Ouroboros.Network.Protocol.LocalTxMonitor.Type          ││          ╛│││││││││││
      ↳ Ouroboros.Network.Protocol.LocalStateQuery.Client         ││           ╛││││││││││
        ↳ Ouroboros.Network.Protocol.LocalStateQuery.Codec        ││            ││││││││││
      ↳ ↳ ↳ Ouroboros.Network.Protocol.LocalStateQuery.Type       ││            ╛│││││││││
      ↳ Ouroboros.Network.Protocol.ChainSync.Client               ││             ╛││││││││
      ↳ ↳ Ouroboros.Network.Protocol.ChainSync.Type               ││              ╛│││││││
      ↳ Ouroboros.Network.NodeToClient.Version   ┐                ││               │││││││
Ouroboros.Network.BlockFetch.Client              │ ┐┐             ╛┐               ││┐│┐┐│
↳ Ouroboros.Network.PeerSelection.PeerMetric.Type│ ││              │               ╛││┐│││
Ouroboros.Network.BlockFetch                     │ ││              │                ╛│││││
↳ Ouroboros.Network.BlockFetch.State             │ ┐┐              │                 ││┐┐│
  ↳ Ouroboros.Network.BlockFetch.Decision        │ ┐┐              │                 ││┐┐┐
↳ Ouroboros.Network.BlockFetch.ClientRegistry    │ ││              │                 │││││
  ↳ Ouroboros.Network.NodeToNode.Version         │ ││              ╛                 │││││
    ↳ Ouroboros.Network.Magic                    ╛ ││                                │││││
↳ ↳ Ouroboros.Network.BlockFetch.ClientState       ╛│                                │││││
    ↳ Ouroboros.Network.Protocol.BlockFetch.Type    │                                ╛││││
    ↳ Ouroboros.Network.BlockFetch.DeltaQ           ╛                                 ││││
↳ ↳   ↳ Ouroboros.Network.DeltaQ                                                      ╛│││
↳   ↳ Ouroboros.Network.AnchoredFragment                                               ╛││
↳   ↳ ↳ Ouroboros.Network.Block                                                         ╛│
    ↳ ↳ ↳ Ouroboros.Network.Point                                                        ╛
      ↳ Ouroboros.Network.AnchoredSeq

 : ouroboros-network-framework:

Simulation.Network.Snocket                            ┐         ┐┐  ┐
Ouroboros.Network.Subscription.Client ┐     ┐    ┐┐ ┐ ┐         ││  │
Ouroboros.Network.Subscription        │     │    ││ │ │         ││  │
↳ Ouroboros.Network.Subscription.Dns  │     │    ││ ┐ ┐         ││  │
↳ ↳ Ouroboros.Network.Subscription.Ip ╛     │    ││ ┐┐┐         ││  │
↳ ↳ ↳ Ouroboros.Network.Subscription.Worker ╛    ││┐┐│┐         ││  │
  ↳ ↳ ↳ Ouroboros.Network.Subscription.Subscriber│╛││││         ││  │
  ↳ ↳ Ouroboros.Network.Socket                ┐  ╛┐┐┐┐┐   ┐ ┐┐┐┐│┐  │
Ouroboros.Network.Server2                     │ ┐ ││││┐┐┐┐│ ││┐│┐│  │
Ouroboros.Network.Server.Socket               ╛ │ ││┐││┐│││ ││││││  │
Ouroboros.Network.Server.ConnectionTable        │ │╛│││││││ ││││││  │
Ouroboros.Network.Protocol.Handshake.Unversioned│ │ │││││││┐┐┐││┐│┐ │
Ouroboros.Network.InboundGovernor               ╛ │ │││┐┐┐││││┐│┐┐│┐│┐
↳ Ouroboros.Network.InboundGovernor.Event         │ ││││┐┐││││┐│┐┐││││
↳ ↳ Ouroboros.Network.InboundGovernor.State       │ ││││││││││┐│┐┐│││┐
Ouroboros.Network.ErrorPolicy                     │ ╛│││││││││││││││││
↳ Ouroboros.Network.Subscription.PeerState        │  ╛││││││││││││││││
Ouroboros.Network.ConnectionManager.Core          │   ││││││││││││││┐│
↳ Ouroboros.Network.Snocket                       │   ╛│││││││││││││││
  ↳ Ouroboros.Network.IOManager                   ╛    │││││││││││││││
↳ Ouroboros.Network.Server.RateLimiting                ╛││││││││││││││
↳ Ouroboros.Network.InboundGovernor.ControlChannel      ╛│││││││││││││
  ↳ Ouroboros.Network.ConnectionHandler                  ╛││││││││││││
    ↳ Ouroboros.Network.RethrowPolicy                     ││││││││││││
    ↳ Ouroboros.Network.Protocol.Handshake                ╛││││┐│││┐││
      ↳ Ouroboros.Network.Protocol.Handshake.Server        │││││││││││
      ↳ ↳ Ouroboros.Network.Protocol.Handshake.Client      │││││││││││
      ↳ ↳ ↳ Ouroboros.Network.Protocol.Handshake.Version   ╛││││││││││
      ↳ ↳ ↳ Ouroboros.Network.Protocol.Handshake.Codec      ╛││┐││┐│││
            ↳ Ouroboros.Network.Protocol.Limits              │││││││││
      ↳ ↳ ↳ ↳ Ouroboros.Network.Protocol.Handshake.Type┐     ╛││││││││
    ↳ Ouroboros.Network.Mux                            │      ╛││┐│┐││
      ↳ Ouroboros.Network.Driver                       │       │││││││
        ↳ Ouroboros.Network.Driver.Limits              │       ╛│││┐││
        ↳ ↳ Ouroboros.Network.Driver.Simple            │        │││┐││
      ↳   ↳ ↳ Ouroboros.Network.Util.ShowProxy         ╛        ││││││
↳ ↳ ↳ Ouroboros.Network.ConnectionManager.Types                 ╛│││││
↳   ↳ ↳ Ouroboros.Network.MuxMode                                │││││
↳ ↳ ↳ ↳ Ouroboros.Network.ConnectionId                           ╛││││
Ouroboros.Network.CodecCBORTerm                                   ╛│││
Ouroboros.Network.Channel                                          ╛││
Data.Wedge                                                          ╛│
Data.Cache                                                           ╛
